u:\cs3500\freecell\freecell\debug\vc142.pdb
u:\cs3500\freecell\freecell\debug\vc142.idb
u:\cs3500\freecell\freecell\debug\freecelldlg.obj
u:\cs3500\freecell\freecell\debug\freecell.obj
u:\cs3500\freecell\freecell\debug\freecell.pch
u:\cs3500\freecell\freecell\debug\pch.obj
u:\cs3500\freecell\freecell\debug\windowscards.obj
u:\cs3500\freecell\debug\freecell.exe
u:\cs3500\freecell\debug\freecell.ilk
u:\cs3500\freecell\debug\freecell.pdb
u:\cs3500\freecell\freecell\debug\freecell.res
u:\cs3500\freecell\freecell\debug\freecell.tlog\cl.command.1.tlog
u:\cs3500\freecell\freecell\debug\freecell.tlog\cl.read.1.tlog
u:\cs3500\freecell\freecell\debug\freecell.tlog\cl.write.1.tlog
u:\cs3500\freecell\freecell\debug\freecell.tlog\link.command.1.tlog
u:\cs3500\freecell\freecell\debug\freecell.tlog\link.read.1.tlog
u:\cs3500\freecell\freecell\debug\freecell.tlog\link.write.1.tlog
u:\cs3500\freecell\freecell\debug\freecell.tlog\rc.command.1.tlog
u:\cs3500\freecell\freecell\debug\freecell.tlog\rc.read.1.tlog
u:\cs3500\freecell\freecell\debug\freecell.tlog\rc.write.1.tlog
